build/outputs/logs/manifest-merger-debug-report.txt
-- Merging decision tree log ---
manifest
ADDED from NiklasGame\AndroidManifest.xml:2:1-34:12
	package
		ADDED from NiklasGame\AndroidManifest.xml:3:5-37
	android:versionName
		ADDED from NiklasGame\AndroidManifest.xml:5:5-30
		INJECTED from NiklasGame\AndroidManifest.xml
		INJECTED from NiklasGame\AndroidManifest.xml
	android:versionCode
		ADDED from NiklasGame\AndroidManifest.xml:4:5-28
		INJECTED from NiklasGame\AndroidManifest.xml
		INJECTED from NiklasGame\AndroidManifest.xml
	xmlns:android
		ADDED from NiklasGame\AndroidManifest.xml:2:11-69
uses-sdk
ADDED from NiklasGame\AndroidManifest.xml:7:5-9:41
	android:targetSdkVersion
		ADDED from NiklasGame\AndroidManifest.xml:9:9-38
	android:minSdkVersion
		ADDED from NiklasGame\AndroidManifest.xml:8:9-34
application
ADDED from NiklasGame\AndroidManifest.xml:11:5-32:19
	android:label
		ADDED from NiklasGame\AndroidManifest.xml:14:9-41
	android:allowBackup
		ADDED from NiklasGame\AndroidManifest.xml:12:9-35
	android:icon
		ADDED from NiklasGame\AndroidManifest.xml:13:9-45
	android:theme
		ADDED from NiklasGame\AndroidManifest.xml:15:9-40
activity#com.example.niklasgame.GraphActivity
ADDED from NiklasGame\AndroidManifest.xml:16:9-24:20
	android:label
		ADDED from NiklasGame\AndroidManifest.xml:18:13-45
	android:name
		ADDED from NiklasGame\AndroidManifest.xml:17:13-64
intent-filter#android.intent.action.MAIN+android.intent.category.LAUNCHER
ADDED from NiklasGame\AndroidManifest.xml:19:13-23:29
action#android.intent.action.MAIN
ADDED from NiklasGame\AndroidManifest.xml:20:17-69
	android:name
		ADDED from NiklasGame\AndroidManifest.xml:20:25-66
category#android.intent.category.LAUNCHER
ADDED from NiklasGame\AndroidManifest.xml:22:17-77
	android:name
		ADDED from NiklasGame\AndroidManifest.xml:22:27-74
activity#com.example.niklasgame.GraphGame
ADDED from NiklasGame\AndroidManifest.xml:25:9-31:14
	android:label
		ADDED from NiklasGame\AndroidManifest.xml:27:13-45
	android:name
		ADDED from NiklasGame\AndroidManifest.xml:26:13-37
meta-data#android.support.PARENT_ACTIVITY
ADDED from NiklasGame\AndroidManifest.xml:28:13-30:68
	android:value
		ADDED from NiklasGame\AndroidManifest.xml:30:13-65
	android:name
		ADDED from NiklasGame\AndroidManifest.xml:29:13-59